<?xml version="1.0" encoding="UTF-8"?>
<coverage generated="1781143079412" clover="3.2.0">
  <project timestamp="1781143079412" name="All files">
    <metrics statements="257" coveredstatements="214" conditionals="117" coveredconditionals="88" methods="83" coveredmethods="68" elements="457" coveredelements="370" complexity="0" loc="257" ncloc="257" packages="6" files="15" classes="15"/>
    <package name="app.(help)">
      <metrics statements="84" coveredstatements="66" conditionals="40" coveredconditionals="25" methods="28" coveredmethods="20"/>
      <file name="help.tsx" path="C:\Users\Educação\mandaca-frontend\app\(help)\help.tsx">
        <metrics statements="39" coveredstatements="32" conditionals="10" coveredconditionals="9" methods="15" coveredmethods="10"/>
        <line num="19" count="1" type="stmt"/>
        <line num="20" count="15" type="stmt"/>
        <line num="21" count="15" type="stmt"/>
        <line num="22" count="15" type="stmt"/>
        <line num="24" count="15" type="stmt"/>
        <line num="25" count="4" type="stmt"/>
        <line num="26" count="4" type="stmt"/>
        <line num="27" count="4" type="stmt"/>
        <line num="29" count="4" type="stmt"/>
        <line num="32" count="15" type="stmt"/>
        <line num="33" count="3" type="stmt"/>
        <line num="34" count="3" type="stmt"/>
        <line num="35" count="3" type="cond" truecount="1" falsecount="1"/>
        <line num="36" count="3" type="stmt"/>
        <line num="38" count="0" type="stmt"/>
        <line num="41" count="0" type="stmt"/>
        <line num="45" count="15" type="stmt"/>
        <line num="46" count="1" type="stmt"/>
        <line num="49" count="15" type="stmt"/>
        <line num="50" count="1" type="stmt"/>
        <line num="53" count="15" type="cond" truecount="2" falsecount="0"/>
        <line num="54" count="15" type="stmt"/>
        <line num="55" count="15" type="stmt"/>
        <line num="56" count="15" type="cond" truecount="2" falsecount="0"/>
        <line num="58" count="15" type="stmt"/>
        <line num="70" count="0" type="stmt"/>
        <line num="114" count="4" type="stmt"/>
        <line num="134" count="0" type="stmt"/>
        <line num="139" count="0" type="stmt"/>
        <line num="141" count="0" type="stmt"/>
        <line num="155" count="1" type="stmt"/>
        <line num="156" count="1" type="stmt"/>
        <line num="169" count="1" type="stmt"/>
        <line num="170" count="1" type="stmt"/>
        <line num="182" count="1" type="stmt"/>
        <line num="183" count="1" type="stmt"/>
        <line num="184" count="1" type="stmt"/>
        <line num="195" count="0" type="stmt"/>
        <line num="206" count="1" type="stmt"/>
      </file>
      <file name="tutorials.tsx" path="C:\Users\Educação\mandaca-frontend\app\(help)\tutorials.tsx">
        <metrics statements="45" coveredstatements="34" conditionals="30" coveredconditionals="16" methods="13" coveredmethods="10"/>
        <line num="25" count="1" type="stmt"/>
        <line num="33" count="1" type="stmt"/>
        <line num="34" count="4" type="stmt"/>
        <line num="35" count="4" type="stmt"/>
        <line num="36" count="4" type="stmt"/>
        <line num="37" count="4" type="stmt"/>
        <line num="39" count="4" type="stmt"/>
        <line num="40" count="2" type="stmt"/>
        <line num="41" count="2" type="stmt"/>
        <line num="42" count="2" type="cond" truecount="1" falsecount="1"/>
        <line num="43" count="2" type="stmt"/>
        <line num="45" count="2" type="cond" truecount="0" falsecount="4"/>
        <line num="46" count="2" type="stmt"/>
        <line num="48" count="0" type="stmt"/>
        <line num="50" count="2" type="stmt"/>
        <line num="54" count="4" type="stmt"/>
        <line num="55" count="2" type="stmt"/>
        <line num="58" count="4" type="stmt"/>
        <line num="59" count="1" type="stmt"/>
        <line num="60" count="1" type="stmt"/>
        <line num="61" count="1" type="cond" truecount="1" falsecount="1"/>
        <line num="62" count="1" type="stmt"/>
        <line num="65" count="0" type="stmt"/>
        <line num="68" count="0" type="stmt"/>
        <line num="72" count="4" type="stmt"/>
        <line num="73" count="2" type="cond" truecount="2" falsecount="3"/>
        <line num="75" count="0" type="stmt"/>
        <line num="77" count="0" type="stmt"/>
        <line num="79" count="0" type="stmt"/>
        <line num="82" count="2" type="stmt"/>
        <line num="86" count="4" type="stmt"/>
        <line num="87" count="2" type="cond" truecount="2" falsecount="3"/>
        <line num="89" count="0" type="stmt"/>
        <line num="91" count="0" type="stmt"/>
        <line num="93" count="0" type="stmt"/>
        <line num="96" count="2" type="stmt"/>
        <line num="100" count="4" type="stmt"/>
        <line num="108" count="0" type="stmt"/>
        <line num="120" count="20" type="stmt"/>
        <line num="121" count="20" type="stmt"/>
        <line num="125" count="0" type="stmt"/>
        <line num="173" count="2" type="stmt"/>
        <line num="174" count="2" type="stmt"/>
        <line num="178" count="1" type="stmt"/>
        <line num="225" count="1" type="stmt"/>
      </file>
    </package>
    <package name="app.(mybusiness).menu">
      <metrics statements="99" coveredstatements="77" conditionals="30" coveredconditionals="23" methods="33" coveredmethods="28"/>
      <file name="categoryFilter.tsx" path="C:\Users\Educação\mandaca-frontend\app\(mybusiness)\menu\categoryFilter.tsx">
        <metrics statements="5" coveredstatements="5" conditionals="6" coveredconditionals="6" methods="3" coveredmethods="3"/>
        <line num="23" count="1" type="stmt"/>
        <line num="60" count="8" type="stmt"/>
        <line num="75" count="48" type="stmt"/>
        <line num="78" count="48" type="stmt"/>
        <line num="84" count="2" type="stmt"/>
      </file>
      <file name="menu.tsx" path="C:\Users\Educação\mandaca-frontend\app\(mybusiness)\menu\menu.tsx">
        <metrics statements="24" coveredstatements="22" conditionals="6" coveredconditionals="6" methods="9" coveredmethods="8"/>
        <line num="40" count="22" type="stmt"/>
        <line num="45" count="22" type="stmt"/>
        <line num="50" count="22" type="stmt"/>
        <line num="53" count="22" type="stmt"/>
        <line num="55" count="22" type="stmt"/>
        <line num="56" count="11" type="stmt"/>
        <line num="58" count="11" type="stmt"/>
        <line num="62" count="10" type="stmt"/>
        <line num="64" count="0" type="stmt"/>
        <line num="69" count="10" type="stmt"/>
        <line num="73" count="22" type="stmt"/>
        <line num="74" count="10" type="stmt"/>
        <line num="78" count="22" type="stmt"/>
        <line num="79" count="21" type="cond" truecount="2" falsecount="0"/>
        <line num="83" count="19" type="stmt"/>
        <line num="86" count="2" type="stmt"/>
        <line num="88" count="4" type="stmt"/>
        <line num="96" count="22" type="cond" truecount="2" falsecount="0"/>
        <line num="97" count="10" type="stmt"/>
        <line num="113" count="12" type="stmt"/>
        <line num="120" count="0" type="stmt"/>
        <line num="166" count="1" type="stmt"/>
        <line num="194" count="1" type="stmt"/>
        <line num="229" count="1" type="stmt"/>
      </file>
      <file name="reviewScan.tsx" path="C:\Users\Educação\mandaca-frontend\app\(mybusiness)\menu\reviewScan.tsx">
        <metrics statements="28" coveredstatements="23" conditionals="6" coveredconditionals="6" methods="11" coveredmethods="9"/>
        <line num="35" count="4" type="stmt"/>
        <line num="38" count="4" type="stmt"/>
        <line num="41" count="4" type="stmt"/>
        <line num="43" count="1" type="stmt"/>
        <line num="44" count="1" type="stmt"/>
        <line num="48" count="0" type="stmt"/>
        <line num="54" count="4" type="stmt"/>
        <line num="57" count="4" type="stmt"/>
        <line num="58" count="1" type="stmt"/>
        <line num="59" count="1" type="stmt"/>
        <line num="61" count="2" type="stmt"/>
        <line num="68" count="4" type="stmt"/>
        <line num="72" count="0" type="stmt"/>
        <line num="97" count="4" type="stmt"/>
        <line num="98" count="1" type="stmt"/>
        <line num="99" count="1" type="stmt"/>
        <line num="101" count="1" type="stmt"/>
        <line num="106" count="1" type="stmt"/>
        <line num="111" count="1" type="stmt"/>
        <line num="115" count="0" type="stmt"/>
        <line num="119" count="0" type="stmt"/>
        <line num="124" count="1" type="stmt"/>
        <line num="129" count="4" type="stmt"/>
        <line num="131" count="2" type="stmt"/>
        <line num="135" count="4" type="stmt"/>
        <line num="182" count="5" type="stmt"/>
        <line num="233" count="0" type="stmt"/>
        <line num="264" count="1" type="stmt"/>
      </file>
      <file name="scan.tsx" path="C:\Users\Educação\mandaca-frontend\app\(mybusiness)\menu\scan.tsx">
        <metrics statements="23" coveredstatements="12" conditionals="12" coveredconditionals="5" methods="4" coveredmethods="3"/>
        <line num="22" count="2" type="stmt"/>
        <line num="27" count="2" type="stmt"/>
        <line num="29" count="1" type="stmt"/>
        <line num="31" count="1" type="cond" truecount="1" falsecount="1"/>
        <line num="34" count="0" type="stmt"/>
        <line num="39" count="0" type="stmt"/>
        <line num="43" count="1" type="stmt"/>
        <line num="52" count="1" type="cond" truecount="1" falsecount="1"/>
        <line num="55" count="1" type="stmt"/>
        <line num="63" count="2" type="stmt"/>
        <line num="65" count="0" type="stmt"/>
        <line num="67" count="0" type="cond" truecount="0" falsecount="2"/>
        <line num="70" count="0" type="stmt"/>
        <line num="75" count="0" type="stmt"/>
        <line num="79" count="0" type="stmt"/>
        <line num="85" count="0" type="cond" truecount="0" falsecount="2"/>
        <line num="88" count="0" type="stmt"/>
        <line num="96" count="2" type="stmt"/>
        <line num="97" count="1" type="cond" truecount="1" falsecount="1"/>
        <line num="98" count="0" type="stmt"/>
        <line num="103" count="0" type="stmt"/>
        <line num="106" count="1" type="stmt"/>
        <line num="115" count="2" type="stmt"/>
      </file>
      <file name="scanLoading.tsx" path="C:\Users\Educação\mandaca-frontend\app\(mybusiness)\menu\scanLoading.tsx">
        <metrics statements="19" coveredstatements="15" conditionals="0" coveredconditionals="0" methods="6" coveredmethods="5"/>
        <line num="22" count="1" type="stmt"/>
        <line num="25" count="1" type="stmt"/>
        <line num="29" count="1" type="stmt"/>
        <line num="30" count="1" type="stmt"/>
        <line num="38" count="1" type="stmt"/>
        <line num="41" count="1" type="stmt"/>
        <line num="42" count="0" type="stmt"/>
        <line num="46" count="0" type="stmt"/>
        <line num="51" count="1" type="stmt"/>
        <line num="52" count="1" type="stmt"/>
        <line num="57" count="1" type="stmt"/>
        <line num="59" count="1" type="stmt"/>
        <line num="60" count="1" type="stmt"/>
        <line num="62" count="1" type="stmt"/>
        <line num="68" count="1" type="stmt"/>
        <line num="79" count="0" type="stmt"/>
        <line num="83" count="0" type="stmt"/>
        <line num="87" count="1" type="stmt"/>
        <line num="90" count="1" type="stmt"/>
      </file>
    </package>
    <package name="components.general">
      <metrics statements="7" coveredstatements="6" conditionals="16" coveredconditionals="13" methods="4" coveredmethods="2"/>
      <file name="container.tsx" path="C:\Users\Educação\mandaca-frontend\components\general\container.tsx">
        <metrics statements="2" coveredstatements="2" conditionals="0" coveredconditionals="0" methods="1" coveredmethods="1"/>
        <line num="9" count="2" type="stmt"/>
        <line num="10" count="28" type="stmt"/>
      </file>
      <file name="header.tsx" path="C:\Users\Educação\mandaca-frontend\components\general\header.tsx">
        <metrics statements="5" coveredstatements="4" conditionals="16" coveredconditionals="13" methods="3" coveredmethods="1"/>
        <line num="25" count="4" type="stmt"/>
        <line num="37" count="36" type="cond" truecount="2" falsecount="0"/>
        <line num="39" count="36" type="cond" truecount="1" falsecount="1"/>
        <line num="41" count="0" type="stmt"/>
        <line num="43" count="36" type="stmt"/>
      </file>
    </package>
    <package name="components.menu">
      <metrics statements="16" coveredstatements="14" conditionals="23" coveredconditionals="19" methods="7" coveredmethods="7"/>
      <file name="menuItemCard.tsx" path="C:\Users\Educação\mandaca-frontend\components\menu\menuItemCard.tsx">
        <metrics statements="1" coveredstatements="1" conditionals="19" coveredconditionals="16" methods="1" coveredmethods="1"/>
        <line num="35" count="13" type="stmt"/>
      </file>
      <file name="menuItens.tsx" path="C:\Users\Educação\mandaca-frontend\components\menu\menuItens.tsx">
        <metrics statements="15" coveredstatements="13" conditionals="4" coveredconditionals="3" methods="6" coveredmethods="6"/>
        <line num="14" count="8" type="stmt"/>
        <line num="15" count="1" type="stmt"/>
        <line num="16" count="1" type="stmt"/>
        <line num="18" count="1" type="stmt"/>
        <line num="20" count="0" type="stmt"/>
        <line num="24" count="8" type="stmt"/>
        <line num="27" count="1" type="stmt"/>
        <line num="37" count="8" type="cond" truecount="2" falsecount="0"/>
        <line num="38" count="1" type="stmt"/>
        <line num="51" count="7" type="cond" truecount="1" falsecount="1"/>
        <line num="52" count="0" type="stmt"/>
        <line num="65" count="7" type="stmt"/>
        <line num="68" count="13" type="stmt"/>
        <line num="76" count="1" type="stmt"/>
        <line num="77" count="1" type="stmt"/>
      </file>
    </package>
    <package name="constants">
      <metrics statements="1" coveredstatements="1" conditionals="2" coveredconditionals="2" methods="0" coveredmethods="0"/>
      <file name="api.ts" path="C:\Users\Educação\mandaca-frontend\constants\api.ts">
        <metrics statements="1" coveredstatements="1" conditionals="2" coveredconditionals="2" methods="0" coveredmethods="0"/>
        <line num="2" count="6" type="cond" truecount="2" falsecount="0"/>
      </file>
    </package>
    <package name="services">
      <metrics statements="50" coveredstatements="50" conditionals="6" coveredconditionals="6" methods="11" coveredmethods="11"/>
      <file name="contactService.ts" path="C:\Users\Educação\mandaca-frontend\services\contactService.ts">
        <metrics statements="6" coveredstatements="6" conditionals="0" coveredconditionals="0" methods="1" coveredmethods="1"/>
        <line num="5" count="2" type="stmt"/>
        <line num="6" count="2" type="stmt"/>
        <line num="7" count="2" type="stmt"/>
        <line num="8" count="1" type="stmt"/>
        <line num="10" count="1" type="stmt"/>
        <line num="11" count="1" type="stmt"/>
      </file>
      <file name="menu.ts" path="C:\Users\Educação\mandaca-frontend\services\menu.ts">
        <metrics statements="38" coveredstatements="38" conditionals="4" coveredconditionals="4" methods="9" coveredmethods="9"/>
        <line num="27" count="3" type="stmt"/>
        <line num="30" count="1" type="stmt"/>
        <line num="34" count="1" type="stmt"/>
        <line num="37" count="3" type="stmt"/>
        <line num="41" count="1" type="stmt"/>
        <line num="43" count="1" type="stmt"/>
        <line num="45" count="1" type="stmt"/>
        <line num="47" count="1" type="stmt"/>
        <line num="57" count="1" type="stmt"/>
        <line num="61" count="3" type="stmt"/>
        <line num="65" count="1" type="stmt"/>
        <line num="69" count="1" type="stmt"/>
        <line num="72" count="3" type="stmt"/>
        <line num="75" count="2" type="stmt"/>
        <line num="77" count="2" type="cond" truecount="2" falsecount="0"/>
        <line num="78" count="1" type="stmt"/>
        <line num="84" count="1" type="stmt"/>
        <line num="87" count="2" type="stmt"/>
        <line num="110" count="2" type="stmt"/>
        <line num="113" count="3" type="stmt"/>
        <line num="117" count="2" type="stmt"/>
        <line num="119" count="2" type="cond" truecount="2" falsecount="0"/>
        <line num="120" count="1" type="stmt"/>
        <line num="126" count="1" type="stmt"/>
        <line num="129" count="2" type="stmt"/>
        <line num="152" count="2" type="stmt"/>
        <line num="155" count="3" type="stmt"/>
        <line num="158" count="1" type="stmt"/>
        <line num="162" count="1" type="stmt"/>
        <line num="165" count="3" type="stmt"/>
        <line num="168" count="1" type="stmt"/>
        <line num="170" count="1" type="stmt"/>
        <line num="180" count="1" type="stmt"/>
        <line num="191" count="1" type="stmt"/>
        <line num="195" count="3" type="stmt"/>
        <line num="200" count="1" type="stmt"/>
        <line num="206" count="1" type="stmt"/>
        <line num="216" count="1" type="stmt"/>
      </file>
      <file name="tutorialService.ts" path="C:\Users\Educação\mandaca-frontend\services\tutorialService.ts">
        <metrics statements="6" coveredstatements="6" conditionals="2" coveredconditionals="2" methods="1" coveredmethods="1"/>
        <line num="5" count="2" type="stmt"/>
        <line num="6" count="3" type="stmt"/>
        <line num="7" count="3" type="stmt"/>
        <line num="10" count="2" type="stmt"/>
        <line num="12" count="1" type="stmt"/>
        <line num="13" count="1" type="stmt"/>
      </file>
    </package>
  </project>
</coverage>
