{"C:\\Users\\Educação\\mandaca-frontend\\app\\(help)\\help.tsx": {"path":"C:\\Users\\Educação\\mandaca-frontend\\app\\(help)\\help.tsx","statementMap":{"0":{"start":{"line":19,"column":29},"end":{"line":204,"column":1}},"1":{"start":{"line":20,"column":17},"end":{"line":20,"column":28}},"2":{"start":{"line":21,"column":34},"end":{"line":21,"column":65}},"3":{"start":{"line":22,"column":42},"end":{"line":22,"column":66}},"4":{"start":{"line":24,"column":2},"end":{"line":30,"column":9}},"5":{"start":{"line":25,"column":26},"end":{"line":28,"column":5}},"6":{"start":{"line":26,"column":19},"end":{"line":26,"column":38}},"7":{"start":{"line":27,"column":6},"end":{"line":27,"column":24}},"8":{"start":{"line":29,"column":4},"end":{"line":29,"column":20}},"9":{"start":{"line":32,"column":25},"end":{"line":43,"column":3}},"10":{"start":{"line":33,"column":4},"end":{"line":42,"column":5}},"11":{"start":{"line":34,"column":22},"end":{"line":34,"column":51}},"12":{"start":{"line":35,"column":6},"end":{"line":39,"column":7}},"13":{"start":{"line":36,"column":8},"end":{"line":36,"column":35}},"14":{"start":{"line":38,"column":8},"end":{"line":38,"column":35}},"15":{"start":{"line":41,"column":6},"end":{"line":41,"column":71}},"16":{"start":{"line":45,"column":26},"end":{"line":47,"column":3}},"17":{"start":{"line":46,"column":4},"end":{"line":46,"column":38}},"18":{"start":{"line":49,"column":26},"end":{"line":51,"column":3}},"19":{"start":{"line":50,"column":4},"end":{"line":50,"column":44}},"20":{"start":{"line":53,"column":24},"end":{"line":53,"column":43}},"21":{"start":{"line":54,"column":19},"end":{"line":54,"column":42}},"22":{"start":{"line":55,"column":16},"end":{"line":55,"column":39}},"23":{"start":{"line":56,"column":16},"end":{"line":56,"column":64}},"24":{"start":{"line":58,"column":2},"end":{"line":203,"column":4}},"25":{"start":{"line":70,"column":31},"end":{"line":70,"column":44}},"26":{"start":{"line":114,"column":27},"end":{"line":114,"column":48}},"27":{"start":{"line":134,"column":30},"end":{"line":134,"column":52}},"28":{"start":{"line":139,"column":25},"end":{"line":139,"column":47}},"29":{"start":{"line":141,"column":77},"end":{"line":141,"column":81}},"30":{"start":{"line":155,"column":20},"end":{"line":155,"column":43}},"31":{"start":{"line":156,"column":20},"end":{"line":156,"column":83}},"32":{"start":{"line":169,"column":20},"end":{"line":169,"column":43}},"33":{"start":{"line":170,"column":20},"end":{"line":170,"column":70}},"34":{"start":{"line":182,"column":18},"end":{"line":182,"column":41}},"35":{"start":{"line":183,"column":34},"end":{"line":183,"column":90}},"36":{"start":{"line":184,"column":18},"end":{"line":184,"column":71}},"37":{"start":{"line":195,"column":29},"end":{"line":195,"column":51}},"38":{"start":{"line":206,"column":15},"end":{"line":378,"column":2}}},"fnMap":{"0":{"name":"(anonymous_0)","decl":{"start":{"line":19,"column":29},"end":{"line":19,"column":30}},"loc":{"start":{"line":19,"column":35},"end":{"line":204,"column":1}},"line":19},"1":{"name":"(anonymous_1)","decl":{"start":{"line":24,"column":12},"end":{"line":24,"column":13}},"loc":{"start":{"line":24,"column":18},"end":{"line":30,"column":3}},"line":24},"2":{"name":"(anonymous_2)","decl":{"start":{"line":25,"column":26},"end":{"line":25,"column":27}},"loc":{"start":{"line":25,"column":38},"end":{"line":28,"column":5}},"line":25},"3":{"name":"(anonymous_3)","decl":{"start":{"line":32,"column":25},"end":{"line":32,"column":26}},"loc":{"start":{"line":32,"column":48},"end":{"line":43,"column":3}},"line":32},"4":{"name":"(anonymous_4)","decl":{"start":{"line":45,"column":26},"end":{"line":45,"column":27}},"loc":{"start":{"line":45,"column":32},"end":{"line":47,"column":3}},"line":45},"5":{"name":"(anonymous_5)","decl":{"start":{"line":49,"column":26},"end":{"line":49,"column":27}},"loc":{"start":{"line":49,"column":32},"end":{"line":51,"column":3}},"line":49},"6":{"name":"(anonymous_6)","decl":{"start":{"line":70,"column":25},"end":{"line":70,"column":26}},"loc":{"start":{"line":70,"column":31},"end":{"line":70,"column":44}},"line":70},"7":{"name":"(anonymous_7)","decl":{"start":{"line":114,"column":21},"end":{"line":114,"column":22}},"loc":{"start":{"line":114,"column":27},"end":{"line":114,"column":48}},"line":114},"8":{"name":"(anonymous_8)","decl":{"start":{"line":134,"column":24},"end":{"line":134,"column":25}},"loc":{"start":{"line":134,"column":30},"end":{"line":134,"column":52}},"line":134},"9":{"name":"(anonymous_9)","decl":{"start":{"line":139,"column":19},"end":{"line":139,"column":20}},"loc":{"start":{"line":139,"column":25},"end":{"line":139,"column":47}},"line":139},"10":{"name":"(anonymous_10)","decl":{"start":{"line":141,"column":71},"end":{"line":141,"column":72}},"loc":{"start":{"line":141,"column":77},"end":{"line":141,"column":81}},"line":141},"11":{"name":"(anonymous_11)","decl":{"start":{"line":154,"column":27},"end":{"line":154,"column":28}},"loc":{"start":{"line":154,"column":33},"end":{"line":157,"column":19}},"line":154},"12":{"name":"(anonymous_12)","decl":{"start":{"line":168,"column":27},"end":{"line":168,"column":28}},"loc":{"start":{"line":168,"column":33},"end":{"line":171,"column":19}},"line":168},"13":{"name":"(anonymous_13)","decl":{"start":{"line":181,"column":25},"end":{"line":181,"column":26}},"loc":{"start":{"line":181,"column":31},"end":{"line":185,"column":17}},"line":181},"14":{"name":"(anonymous_14)","decl":{"start":{"line":195,"column":23},"end":{"line":195,"column":24}},"loc":{"start":{"line":195,"column":29},"end":{"line":195,"column":51}},"line":195}},"branchMap":{"0":{"loc":{"start":{"line":35,"column":6},"end":{"line":39,"column":7}},"type":"if","locations":[{"start":{"line":35,"column":6},"end":{"line":39,"column":7}},{"start":{"line":37,"column":13},"end":{"line":39,"column":7}}],"line":35},"1":{"loc":{"start":{"line":53,"column":24},"end":{"line":53,"column":43}},"type":"binary-expr","locations":[{"start":{"line":53,"column":24},"end":{"line":53,"column":35}},{"start":{"line":53,"column":39},"end":{"line":53,"column":43}}],"line":53},"2":{"loc":{"start":{"line":56,"column":16},"end":{"line":56,"column":64}},"type":"binary-expr","locations":[{"start":{"line":56,"column":16},"end":{"line":56,"column":36}},{"start":{"line":56,"column":40},"end":{"line":56,"column":64}}],"line":56},"3":{"loc":{"start":{"line":150,"column":15},"end":{"line":162,"column":22}},"type":"cond-expr","locations":[{"start":{"line":151,"column":16},"end":{"line":161,"column":35}},{"start":{"line":162,"column":18},"end":{"line":162,"column":22}}],"line":150},"4":{"loc":{"start":{"line":164,"column":15},"end":{"line":176,"column":22}},"type":"cond-expr","locations":[{"start":{"line":165,"column":16},"end":{"line":175,"column":35}},{"start":{"line":176,"column":18},"end":{"line":176,"column":22}}],"line":164}},"s":{"0":1,"1":15,"2":15,"3":15,"4":15,"5":4,"6":4,"7":4,"8":4,"9":15,"10":3,"11":3,"12":3,"13":3,"14":0,"15":0,"16":15,"17":1,"18":15,"19":1,"20":15,"21":15,"22":15,"23":15,"24":15,"25":0,"26":4,"27":0,"28":0,"29":0,"30":1,"31":1,"32":1,"33":1,"34":1,"35":1,"36":1,"37":0,"38":1},"f":{"0":15,"1":4,"2":4,"3":3,"4":1,"5":1,"6":0,"7":4,"8":0,"9":0,"10":0,"11":1,"12":1,"13":1,"14":0},"b":{"0":[3,0],"1":[15,6],"2":[15,6],"3":[9,6],"4":[9,6]},"_coverageSchema":"1a1c01bbd47fc00a2c39e90264f33305004495a9","hash":"89e8116dd22683c7b2454e3dcf61597f5d3a2541"}
,"C:\\Users\\Educação\\mandaca-frontend\\app\\(help)\\tutorials.tsx": {"path":"C:\\Users\\Educação\\mandaca-frontend\\app\\(help)\\tutorials.tsx","statementMap":{"0":{"start":{"line":25,"column":37},"end":{"line":31,"column":1}},"1":{"start":{"line":33,"column":34},"end":{"line":223,"column":1}},"2":{"start":{"line":34,"column":17},"end":{"line":34,"column":28}},"3":{"start":{"line":35,"column":36},"end":{"line":35,"column":60}},"4":{"start":{"line":36,"column":32},"end":{"line":36,"column":55}},"5":{"start":{"line":37,"column":50},"end":{"line":37,"column":96}},"6":{"start":{"line":39,"column":25},"end":{"line":52,"column":3}},"7":{"start":{"line":40,"column":4},"end":{"line":40,"column":21}},"8":{"start":{"line":41,"column":4},"end":{"line":51,"column":5}},"9":{"start":{"line":42,"column":23},"end":{"line":42,"column":82}},"10":{"start":{"line":43,"column":19},"end":{"line":43,"column":47}},"11":{"start":{"line":45,"column":21},"end":{"line":45,"column":73}},"12":{"start":{"line":45,"column":41},"end":{"line":45,"column":72}},"13":{"start":{"line":46,"column":6},"end":{"line":46,"column":48}},"14":{"start":{"line":46,"column":38},"end":{"line":46,"column":45}},"15":{"start":{"line":48,"column":6},"end":{"line":48,"column":58}},"16":{"start":{"line":50,"column":6},"end":{"line":50,"column":24}},"17":{"start":{"line":54,"column":2},"end":{"line":56,"column":25}},"18":{"start":{"line":55,"column":4},"end":{"line":55,"column":21}},"19":{"start":{"line":58,"column":29},"end":{"line":70,"column":3}},"20":{"start":{"line":59,"column":4},"end":{"line":69,"column":5}},"21":{"start":{"line":60,"column":24},"end":{"line":60,"column":53}},"22":{"start":{"line":61,"column":6},"end":{"line":66,"column":7}},"23":{"start":{"line":62,"column":8},"end":{"line":62,"column":35}},"24":{"start":{"line":65,"column":8},"end":{"line":65,"column":35}},"25":{"start":{"line":68,"column":6},"end":{"line":68,"column":65}},"26":{"start":{"line":72,"column":26},"end":{"line":84,"column":3}},"27":{"start":{"line":73,"column":4},"end":{"line":83,"column":5}},"28":{"start":{"line":75,"column":8},"end":{"line":75,"column":36}},"29":{"start":{"line":77,"column":8},"end":{"line":77,"column":34}},"30":{"start":{"line":79,"column":8},"end":{"line":79,"column":35}},"31":{"start":{"line":82,"column":8},"end":{"line":82,"column":44}},"32":{"start":{"line":86,"column":27},"end":{"line":98,"column":3}},"33":{"start":{"line":87,"column":4},"end":{"line":97,"column":5}},"34":{"start":{"line":89,"column":8},"end":{"line":89,"column":25}},"35":{"start":{"line":91,"column":8},"end":{"line":91,"column":25}},"36":{"start":{"line":93,"column":8},"end":{"line":93,"column":25}},"37":{"start":{"line":96,"column":8},"end":{"line":96,"column":25}},"38":{"start":{"line":100,"column":2},"end":{"line":222,"column":4}},"39":{"start":{"line":108,"column":29},"end":{"line":108,"column":42}},"40":{"start":{"line":120,"column":31},"end":{"line":120,"column":58}},"41":{"start":{"line":121,"column":12},"end":{"line":146,"column":14}},"42":{"start":{"line":125,"column":31},"end":{"line":125,"column":58}},"43":{"start":{"line":173,"column":30},"end":{"line":173,"column":66}},"44":{"start":{"line":174,"column":12},"end":{"line":217,"column":14}},"45":{"start":{"line":178,"column":31},"end":{"line":178,"column":63}},"46":{"start":{"line":225,"column":15},"end":{"line":370,"column":2}}},"fnMap":{"0":{"name":"(anonymous_0)","decl":{"start":{"line":33,"column":34},"end":{"line":33,"column":35}},"loc":{"start":{"line":33,"column":40},"end":{"line":223,"column":1}},"line":33},"1":{"name":"(anonymous_1)","decl":{"start":{"line":39,"column":25},"end":{"line":39,"column":26}},"loc":{"start":{"line":39,"column":37},"end":{"line":52,"column":3}},"line":39},"2":{"name":"(anonymous_2)","decl":{"start":{"line":45,"column":31},"end":{"line":45,"column":32}},"loc":{"start":{"line":45,"column":41},"end":{"line":45,"column":72}},"line":45},"3":{"name":"(anonymous_3)","decl":{"start":{"line":46,"column":33},"end":{"line":46,"column":34}},"loc":{"start":{"line":46,"column":38},"end":{"line":46,"column":45}},"line":46},"4":{"name":"(anonymous_4)","decl":{"start":{"line":54,"column":12},"end":{"line":54,"column":13}},"loc":{"start":{"line":54,"column":18},"end":{"line":56,"column":3}},"line":54},"5":{"name":"(anonymous_5)","decl":{"start":{"line":58,"column":29},"end":{"line":58,"column":30}},"loc":{"start":{"line":58,"column":52},"end":{"line":70,"column":3}},"line":58},"6":{"name":"(anonymous_6)","decl":{"start":{"line":72,"column":26},"end":{"line":72,"column":27}},"loc":{"start":{"line":72,"column":59},"end":{"line":84,"column":3}},"line":72},"7":{"name":"(anonymous_7)","decl":{"start":{"line":86,"column":27},"end":{"line":86,"column":28}},"loc":{"start":{"line":86,"column":60},"end":{"line":98,"column":3}},"line":86},"8":{"name":"(anonymous_8)","decl":{"start":{"line":108,"column":23},"end":{"line":108,"column":24}},"loc":{"start":{"line":108,"column":29},"end":{"line":108,"column":42}},"line":108},"9":{"name":"(anonymous_9)","decl":{"start":{"line":119,"column":29},"end":{"line":119,"column":30}},"loc":{"start":{"line":119,"column":38},"end":{"line":147,"column":11}},"line":119},"10":{"name":"(anonymous_10)","decl":{"start":{"line":125,"column":25},"end":{"line":125,"column":26}},"loc":{"start":{"line":125,"column":31},"end":{"line":125,"column":58}},"line":125},"11":{"name":"(anonymous_11)","decl":{"start":{"line":172,"column":25},"end":{"line":172,"column":26}},"loc":{"start":{"line":172,"column":39},"end":{"line":218,"column":11}},"line":172},"12":{"name":"(anonymous_12)","decl":{"start":{"line":178,"column":25},"end":{"line":178,"column":26}},"loc":{"start":{"line":178,"column":31},"end":{"line":178,"column":63}},"line":178}},"branchMap":{"0":{"loc":{"start":{"line":42,"column":23},"end":{"line":42,"column":82}},"type":"cond-expr","locations":[{"start":{"line":42,"column":54},"end":{"line":42,"column":63}},{"start":{"line":42,"column":66},"end":{"line":42,"column":82}}],"line":42},"1":{"loc":{"start":{"line":45,"column":42},"end":{"line":45,"column":54}},"type":"binary-expr","locations":[{"start":{"line":45,"column":42},"end":{"line":45,"column":49}},{"start":{"line":45,"column":53},"end":{"line":45,"column":54}}],"line":45},"2":{"loc":{"start":{"line":45,"column":59},"end":{"line":45,"column":71}},"type":"binary-expr","locations":[{"start":{"line":45,"column":59},"end":{"line":45,"column":66}},{"start":{"line":45,"column":70},"end":{"line":45,"column":71}}],"line":45},"3":{"loc":{"start":{"line":61,"column":6},"end":{"line":66,"column":7}},"type":"if","locations":[{"start":{"line":61,"column":6},"end":{"line":66,"column":7}},{"start":{"line":63,"column":13},"end":{"line":66,"column":7}}],"line":61},"4":{"loc":{"start":{"line":73,"column":4},"end":{"line":83,"column":5}},"type":"switch","locations":[{"start":{"line":74,"column":6},"end":{"line":75,"column":36}},{"start":{"line":76,"column":6},"end":{"line":77,"column":34}},{"start":{"line":78,"column":6},"end":{"line":79,"column":35}},{"start":{"line":80,"column":6},"end":{"line":80,"column":19}},{"start":{"line":81,"column":6},"end":{"line":82,"column":44}}],"line":73},"5":{"loc":{"start":{"line":87,"column":4},"end":{"line":97,"column":5}},"type":"switch","locations":[{"start":{"line":88,"column":6},"end":{"line":89,"column":25}},{"start":{"line":90,"column":6},"end":{"line":91,"column":25}},{"start":{"line":92,"column":6},"end":{"line":93,"column":25}},{"start":{"line":94,"column":6},"end":{"line":94,"column":19}},{"start":{"line":95,"column":6},"end":{"line":96,"column":25}}],"line":87},"6":{"loc":{"start":{"line":128,"column":18},"end":{"line":128,"column":54}},"type":"binary-expr","locations":[{"start":{"line":128,"column":18},"end":{"line":128,"column":28}},{"start":{"line":128,"column":32},"end":{"line":128,"column":54}}],"line":128},"7":{"loc":{"start":{"line":134,"column":25},"end":{"line":134,"column":59}},"type":"cond-expr","locations":[{"start":{"line":134,"column":38},"end":{"line":134,"column":47}},{"start":{"line":134,"column":50},"end":{"line":134,"column":59}}],"line":134},"8":{"loc":{"start":{"line":140,"column":20},"end":{"line":140,"column":55}},"type":"binary-expr","locations":[{"start":{"line":140,"column":20},"end":{"line":140,"column":30}},{"start":{"line":140,"column":34},"end":{"line":140,"column":55}}],"line":140},"9":{"loc":{"start":{"line":152,"column":7},"end":{"line":220,"column":7}},"type":"cond-expr","locations":[{"start":{"line":153,"column":8},"end":{"line":156,"column":15}},{"start":{"line":157,"column":10},"end":{"line":220,"column":7}}],"line":152},"10":{"loc":{"start":{"line":157,"column":10},"end":{"line":220,"column":7}},"type":"cond-expr","locations":[{"start":{"line":158,"column":8},"end":{"line":166,"column":15}},{"start":{"line":168,"column":8},"end":{"line":219,"column":21}}],"line":157},"11":{"loc":{"start":{"line":204,"column":17},"end":{"line":208,"column":24}},"type":"cond-expr","locations":[{"start":{"line":205,"column":18},"end":{"line":207,"column":25}},{"start":{"line":208,"column":20},"end":{"line":208,"column":24}}],"line":204}},"s":{"0":1,"1":1,"2":4,"3":4,"4":4,"5":4,"6":4,"7":2,"8":2,"9":2,"10":2,"11":2,"12":0,"13":2,"14":2,"15":0,"16":2,"17":4,"18":2,"19":4,"20":1,"21":1,"22":1,"23":1,"24":0,"25":0,"26":4,"27":2,"28":0,"29":0,"30":0,"31":2,"32":4,"33":2,"34":0,"35":0,"36":0,"37":2,"38":4,"39":0,"40":20,"41":20,"42":0,"43":2,"44":2,"45":1,"46":1},"f":{"0":4,"1":2,"2":0,"3":2,"4":2,"5":1,"6":2,"7":2,"8":0,"9":20,"10":0,"11":2,"12":1},"b":{"0":[2,0],"1":[0,0],"2":[0,0],"3":[1,0],"4":[0,0,0,2,2],"5":[0,0,0,2,2],"6":[20,4],"7":[4,16],"8":[20,4],"9":[2,2],"10":[0,2],"11":[2,0]},"_coverageSchema":"1a1c01bbd47fc00a2c39e90264f33305004495a9","hash":"b478d1d30d3fc69a176e39a52d89fba13a492b5c"}
,"C:\\Users\\Educação\\mandaca-frontend\\app\\(mybusiness)\\menu\\categoryFilter.tsx": {"path":"C:\\Users\\Educação\\mandaca-frontend\\app\\(mybusiness)\\menu\\categoryFilter.tsx","statementMap":{"0":{"start":{"line":23,"column":19},"end":{"line":54,"column":10}},"1":{"start":{"line":60,"column":4},"end":{"line":130,"column":6}},"2":{"start":{"line":75,"column":28},"end":{"line":76,"column":38}},"3":{"start":{"line":78,"column":24},"end":{"line":125,"column":26}},"4":{"start":{"line":84,"column":36},"end":{"line":86,"column":37}}},"fnMap":{"0":{"name":"MenuCategoryFilter","decl":{"start":{"line":56,"column":24},"end":{"line":56,"column":42}},"loc":{"start":{"line":59,"column":10},"end":{"line":131,"column":1}},"line":59},"1":{"name":"(anonymous_1)","decl":{"start":{"line":73,"column":20},"end":{"line":73,"column":21}},"loc":{"start":{"line":73,"column":30},"end":{"line":126,"column":21}},"line":73},"2":{"name":"(anonymous_2)","decl":{"start":{"line":83,"column":41},"end":{"line":83,"column":42}},"loc":{"start":{"line":84,"column":36},"end":{"line":86,"column":37}},"line":84}},"branchMap":{"0":{"loc":{"start":{"line":92,"column":40},"end":{"line":94,"column":72}},"type":"cond-expr","locations":[{"start":{"line":93,"column":46},"end":{"line":93,"column":73}},{"start":{"line":94,"column":46},"end":{"line":94,"column":72}}],"line":92},"1":{"loc":{"start":{"line":104,"column":40},"end":{"line":106,"column":55}},"type":"cond-expr","locations":[{"start":{"line":105,"column":46},"end":{"line":105,"column":55}},{"start":{"line":106,"column":46},"end":{"line":106,"column":55}}],"line":104},"2":{"loc":{"start":{"line":114,"column":44},"end":{"line":116,"column":61}},"type":"cond-expr","locations":[{"start":{"line":115,"column":50},"end":{"line":115,"column":62}},{"start":{"line":116,"column":50},"end":{"line":116,"column":61}}],"line":114}},"s":{"0":1,"1":8,"2":48,"3":48,"4":2},"f":{"0":8,"1":48,"2":2},"b":{"0":[8,40],"1":[8,40],"2":[8,40]},"_coverageSchema":"1a1c01bbd47fc00a2c39e90264f33305004495a9","hash":"67d7986e67c2c6d2af72534cf5155f31e44da271"}
,"C:\\Users\\Educação\\mandaca-frontend\\app\\(mybusiness)\\menu\\menu.tsx": {"path":"C:\\Users\\Educação\\mandaca-frontend\\app\\(mybusiness)\\menu\\menu.tsx","statementMap":{"0":{"start":{"line":40,"column":8},"end":{"line":40,"column":32}},"1":{"start":{"line":45,"column":8},"end":{"line":47,"column":5}},"2":{"start":{"line":50,"column":8},"end":{"line":50,"column":22}},"3":{"start":{"line":53,"column":8},"end":{"line":53,"column":46}},"4":{"start":{"line":55,"column":21},"end":{"line":71,"column":5}},"5":{"start":{"line":56,"column":8},"end":{"line":70,"column":9}},"6":{"start":{"line":58,"column":16},"end":{"line":60,"column":17}},"7":{"start":{"line":62,"column":12},"end":{"line":62,"column":26}},"8":{"start":{"line":64,"column":12},"end":{"line":67,"column":14}},"9":{"start":{"line":69,"column":12},"end":{"line":69,"column":30}},"10":{"start":{"line":73,"column":4},"end":{"line":75,"column":11}},"11":{"start":{"line":74,"column":8},"end":{"line":74,"column":19}},"12":{"start":{"line":78,"column":8},"end":{"line":94,"column":10}},"13":{"start":{"line":79,"column":12},"end":{"line":84,"column":13}},"14":{"start":{"line":83,"column":16},"end":{"line":83,"column":28}},"15":{"start":{"line":86,"column":12},"end":{"line":90,"column":14}},"16":{"start":{"line":88,"column":20},"end":{"line":89,"column":36}},"17":{"start":{"line":96,"column":4},"end":{"line":111,"column":5}},"18":{"start":{"line":97,"column":8},"end":{"line":110,"column":10}},"19":{"start":{"line":113,"column":4},"end":{"line":262,"column":2}},"20":{"start":{"line":120,"column":16},"end":{"line":122,"column":17}},"21":{"start":{"line":166,"column":24},"end":{"line":172,"column":26}},"22":{"start":{"line":194,"column":24},"end":{"line":196,"column":25}},"23":{"start":{"line":229,"column":24},"end":{"line":235,"column":26}}},"fnMap":{"0":{"name":"MenuList","decl":{"start":{"line":38,"column":24},"end":{"line":38,"column":32}},"loc":{"start":{"line":38,"column":35},"end":{"line":263,"column":1}},"line":38},"1":{"name":"(anonymous_1)","decl":{"start":{"line":55,"column":21},"end":{"line":55,"column":22}},"loc":{"start":{"line":55,"column":33},"end":{"line":71,"column":5}},"line":55},"2":{"name":"(anonymous_2)","decl":{"start":{"line":73,"column":14},"end":{"line":73,"column":15}},"loc":{"start":{"line":73,"column":20},"end":{"line":75,"column":5}},"line":73},"3":{"name":"(anonymous_3)","decl":{"start":{"line":78,"column":16},"end":{"line":78,"column":17}},"loc":{"start":{"line":78,"column":22},"end":{"line":91,"column":9}},"line":78},"4":{"name":"(anonymous_4)","decl":{"start":{"line":87,"column":16},"end":{"line":87,"column":17}},"loc":{"start":{"line":88,"column":20},"end":{"line":89,"column":36}},"line":88},"5":{"name":"(anonymous_5)","decl":{"start":{"line":119,"column":25},"end":{"line":119,"column":26}},"loc":{"start":{"line":120,"column":16},"end":{"line":122,"column":17}},"line":120},"6":{"name":"(anonymous_6)","decl":{"start":{"line":165,"column":29},"end":{"line":165,"column":30}},"loc":{"start":{"line":166,"column":24},"end":{"line":172,"column":26}},"line":166},"7":{"name":"(anonymous_7)","decl":{"start":{"line":193,"column":29},"end":{"line":193,"column":30}},"loc":{"start":{"line":194,"column":24},"end":{"line":196,"column":25}},"line":194},"8":{"name":"(anonymous_8)","decl":{"start":{"line":228,"column":29},"end":{"line":228,"column":30}},"loc":{"start":{"line":229,"column":24},"end":{"line":235,"column":26}},"line":229}},"branchMap":{"0":{"loc":{"start":{"line":79,"column":12},"end":{"line":84,"column":13}},"type":"if","locations":[{"start":{"line":79,"column":12},"end":{"line":84,"column":13}},{"start":{},"end":{}}],"line":79},"1":{"loc":{"start":{"line":96,"column":4},"end":{"line":111,"column":5}},"type":"if","locations":[{"start":{"line":96,"column":4},"end":{"line":111,"column":5}},{"start":{},"end":{}}],"line":96},"2":{"loc":{"start":{"line":126,"column":9},"end":{"line":260,"column":9}},"type":"cond-expr","locations":[{"start":{"line":127,"column":12},"end":{"line":215,"column":19}},{"start":{"line":217,"column":12},"end":{"line":259,"column":15}}],"line":126}},"s":{"0":22,"1":22,"2":22,"3":22,"4":22,"5":11,"6":11,"7":10,"8":0,"9":10,"10":22,"11":10,"12":22,"13":21,"14":19,"15":2,"16":4,"17":22,"18":10,"19":12,"20":0,"21":1,"22":1,"23":1},"f":{"0":22,"1":11,"2":10,"3":21,"4":4,"5":0,"6":1,"7":1,"8":1},"b":{"0":[19,2],"1":[10,12],"2":[3,9]},"_coverageSchema":"1a1c01bbd47fc00a2c39e90264f33305004495a9","hash":"2654d4edc6a83da4491c645bd45020bf9280d31f"}
,"C:\\Users\\Educação\\mandaca-frontend\\app\\(mybusiness)\\menu\\reviewScan.tsx": {"path":"C:\\Users\\Educação\\mandaca-frontend\\app\\(mybusiness)\\menu\\reviewScan.tsx","statementMap":{"0":{"start":{"line":35,"column":8},"end":{"line":35,"column":30}},"1":{"start":{"line":38,"column":8},"end":{"line":38,"column":23}},"2":{"start":{"line":41,"column":8},"end":{"line":51,"column":9}},"3":{"start":{"line":43,"column":16},"end":{"line":49,"column":17}},"4":{"start":{"line":44,"column":20},"end":{"line":46,"column":22}},"5":{"start":{"line":48,"column":20},"end":{"line":48,"column":30}},"6":{"start":{"line":54,"column":8},"end":{"line":54,"column":46}},"7":{"start":{"line":57,"column":8},"end":{"line":65,"column":9}},"8":{"start":{"line":58,"column":12},"end":{"line":64,"column":14}},"9":{"start":{"line":59,"column":16},"end":{"line":63,"column":17}},"10":{"start":{"line":61,"column":24},"end":{"line":62,"column":29}},"11":{"start":{"line":68,"column":8},"end":{"line":94,"column":9}},"12":{"start":{"line":72,"column":12},"end":{"line":93,"column":15}},"13":{"start":{"line":97,"column":8},"end":{"line":126,"column":9}},"14":{"start":{"line":98,"column":12},"end":{"line":125,"column":13}},"15":{"start":{"line":99,"column":16},"end":{"line":99,"column":33}},"16":{"start":{"line":101,"column":16},"end":{"line":104,"column":18}},"17":{"start":{"line":106,"column":16},"end":{"line":109,"column":18}},"18":{"start":{"line":111,"column":16},"end":{"line":113,"column":18}},"19":{"start":{"line":115,"column":16},"end":{"line":117,"column":18}},"20":{"start":{"line":119,"column":16},"end":{"line":122,"column":18}},"21":{"start":{"line":124,"column":16},"end":{"line":124,"column":34}},"22":{"start":{"line":129,"column":8},"end":{"line":133,"column":9}},"23":{"start":{"line":131,"column":16},"end":{"line":131,"column":32}},"24":{"start":{"line":135,"column":4},"end":{"line":327,"column":6}},"25":{"start":{"line":182,"column":24},"end":{"line":292,"column":31}},"26":{"start":{"line":233,"column":40},"end":{"line":236,"column":41}},"27":{"start":{"line":264,"column":40},"end":{"line":266,"column":41}}},"fnMap":{"0":{"name":"ReviewScanScreen","decl":{"start":{"line":33,"column":24},"end":{"line":33,"column":40}},"loc":{"start":{"line":33,"column":43},"end":{"line":328,"column":1}},"line":33},"1":{"name":"(anonymous_1)","decl":{"start":{"line":42,"column":12},"end":{"line":42,"column":13}},"loc":{"start":{"line":42,"column":18},"end":{"line":50,"column":13}},"line":42},"2":{"name":"(anonymous_2)","decl":{"start":{"line":57,"column":8},"end":{"line":57,"column":9}},"loc":{"start":{"line":57,"column":27},"end":{"line":65,"column":9}},"line":57},"3":{"name":"(anonymous_3)","decl":{"start":{"line":58,"column":25},"end":{"line":58,"column":26}},"loc":{"start":{"line":59,"column":16},"end":{"line":63,"column":17}},"line":59},"4":{"name":"(anonymous_4)","decl":{"start":{"line":60,"column":20},"end":{"line":60,"column":21}},"loc":{"start":{"line":61,"column":24},"end":{"line":62,"column":29}},"line":61},"5":{"name":"(anonymous_5)","decl":{"start":{"line":68,"column":8},"end":{"line":68,"column":9}},"loc":{"start":{"line":71,"column":13},"end":{"line":94,"column":9}},"line":71},"6":{"name":"(anonymous_6)","decl":{"start":{"line":97,"column":8},"end":{"line":97,"column":9}},"loc":{"start":{"line":97,"column":20},"end":{"line":126,"column":9}},"line":97},"7":{"name":"(anonymous_7)","decl":{"start":{"line":130,"column":12},"end":{"line":130,"column":13}},"loc":{"start":{"line":131,"column":16},"end":{"line":131,"column":32}},"line":131},"8":{"name":"(anonymous_8)","decl":{"start":{"line":178,"column":20},"end":{"line":178,"column":21}},"loc":{"start":{"line":182,"column":24},"end":{"line":292,"column":31}},"line":182},"9":{"name":"(anonymous_9)","decl":{"start":{"line":232,"column":45},"end":{"line":232,"column":46}},"loc":{"start":{"line":233,"column":40},"end":{"line":236,"column":41}},"line":233},"10":{"name":"(anonymous_10)","decl":{"start":{"line":263,"column":45},"end":{"line":263,"column":46}},"loc":{"start":{"line":264,"column":40},"end":{"line":266,"column":41}},"line":264}},"branchMap":{"0":{"loc":{"start":{"line":222,"column":41},"end":{"line":225,"column":60}},"type":"cond-expr","locations":[{"start":{"line":224,"column":46},"end":{"line":224,"column":63}},{"start":{"line":225,"column":46},"end":{"line":225,"column":60}}],"line":222},"1":{"loc":{"start":{"line":298,"column":24},"end":{"line":300,"column":29}},"type":"binary-expr","locations":[{"start":{"line":298,"column":24},"end":{"line":298,"column":31}},{"start":{"line":299,"column":24},"end":{"line":300,"column":29}}],"line":298},"2":{"loc":{"start":{"line":315,"column":21},"end":{"line":323,"column":21}},"type":"cond-expr","locations":[{"start":{"line":316,"column":24},"end":{"line":318,"column":26}},{"start":{"line":320,"column":24},"end":{"line":322,"column":31}}],"line":315}},"s":{"0":4,"1":4,"2":4,"3":1,"4":1,"5":0,"6":4,"7":4,"8":1,"9":1,"10":2,"11":4,"12":0,"13":4,"14":1,"15":1,"16":1,"17":1,"18":1,"19":0,"20":0,"21":1,"22":4,"23":2,"24":4,"25":5,"26":0,"27":1},"f":{"0":4,"1":1,"2":1,"3":1,"4":2,"5":0,"6":1,"7":2,"8":5,"9":0,"10":1},"b":{"0":[4,1],"1":[4,3],"2":[1,3]},"_coverageSchema":"1a1c01bbd47fc00a2c39e90264f33305004495a9","hash":"05b8c978102616be4e23722839dd37463d16b808"}
,"C:\\Users\\Educação\\mandaca-frontend\\app\\(mybusiness)\\menu\\scan.tsx": {"path":"C:\\Users\\Educação\\mandaca-frontend\\app\\(mybusiness)\\menu\\scan.tsx","statementMap":{"0":{"start":{"line":22,"column":8},"end":{"line":24,"column":9}},"1":{"start":{"line":27,"column":8},"end":{"line":60,"column":9}},"2":{"start":{"line":29,"column":16},"end":{"line":29,"column":71}},"3":{"start":{"line":31,"column":12},"end":{"line":40,"column":13}},"4":{"start":{"line":34,"column":16},"end":{"line":37,"column":18}},"5":{"start":{"line":39,"column":16},"end":{"line":39,"column":23}},"6":{"start":{"line":43,"column":16},"end":{"line":50,"column":17}},"7":{"start":{"line":52,"column":12},"end":{"line":59,"column":13}},"8":{"start":{"line":55,"column":16},"end":{"line":58,"column":18}},"9":{"start":{"line":63,"column":8},"end":{"line":93,"column":9}},"10":{"start":{"line":65,"column":16},"end":{"line":65,"column":65}},"11":{"start":{"line":67,"column":12},"end":{"line":76,"column":13}},"12":{"start":{"line":70,"column":16},"end":{"line":73,"column":18}},"13":{"start":{"line":75,"column":16},"end":{"line":75,"column":23}},"14":{"start":{"line":79,"column":16},"end":{"line":83,"column":17}},"15":{"start":{"line":85,"column":12},"end":{"line":92,"column":13}},"16":{"start":{"line":88,"column":16},"end":{"line":91,"column":18}},"17":{"start":{"line":96,"column":8},"end":{"line":113,"column":9}},"18":{"start":{"line":97,"column":12},"end":{"line":104,"column":13}},"19":{"start":{"line":98,"column":16},"end":{"line":101,"column":18}},"20":{"start":{"line":103,"column":16},"end":{"line":103,"column":23}},"21":{"start":{"line":106,"column":12},"end":{"line":112,"column":15}},"22":{"start":{"line":115,"column":4},"end":{"line":282,"column":6}}},"fnMap":{"0":{"name":"ScanMenuScreen","decl":{"start":{"line":20,"column":24},"end":{"line":20,"column":38}},"loc":{"start":{"line":20,"column":41},"end":{"line":283,"column":1}},"line":20},"1":{"name":"(anonymous_1)","decl":{"start":{"line":27,"column":8},"end":{"line":27,"column":9}},"loc":{"start":{"line":27,"column":20},"end":{"line":60,"column":9}},"line":27},"2":{"name":"(anonymous_2)","decl":{"start":{"line":63,"column":8},"end":{"line":63,"column":9}},"loc":{"start":{"line":63,"column":20},"end":{"line":93,"column":9}},"line":63},"3":{"name":"(anonymous_3)","decl":{"start":{"line":96,"column":8},"end":{"line":96,"column":9}},"loc":{"start":{"line":96,"column":14},"end":{"line":113,"column":9}},"line":96}},"branchMap":{"0":{"loc":{"start":{"line":31,"column":12},"end":{"line":40,"column":13}},"type":"if","locations":[{"start":{"line":31,"column":12},"end":{"line":40,"column":13}},{"start":{},"end":{}}],"line":31},"1":{"loc":{"start":{"line":52,"column":12},"end":{"line":59,"column":13}},"type":"if","locations":[{"start":{"line":52,"column":12},"end":{"line":59,"column":13}},{"start":{},"end":{}}],"line":52},"2":{"loc":{"start":{"line":67,"column":12},"end":{"line":76,"column":13}},"type":"if","locations":[{"start":{"line":67,"column":12},"end":{"line":76,"column":13}},{"start":{},"end":{}}],"line":67},"3":{"loc":{"start":{"line":85,"column":12},"end":{"line":92,"column":13}},"type":"if","locations":[{"start":{"line":85,"column":12},"end":{"line":92,"column":13}},{"start":{},"end":{}}],"line":85},"4":{"loc":{"start":{"line":97,"column":12},"end":{"line":104,"column":13}},"type":"if","locations":[{"start":{"line":97,"column":12},"end":{"line":104,"column":13}},{"start":{},"end":{}}],"line":97},"5":{"loc":{"start":{"line":186,"column":21},"end":{"line":206,"column":21}},"type":"cond-expr","locations":[{"start":{"line":187,"column":24},"end":{"line":193,"column":26}},{"start":{"line":195,"column":24},"end":{"line":205,"column":31}}],"line":186}},"s":{"0":2,"1":2,"2":1,"3":1,"4":0,"5":0,"6":1,"7":1,"8":1,"9":2,"10":0,"11":0,"12":0,"13":0,"14":0,"15":0,"16":0,"17":2,"18":1,"19":0,"20":0,"21":1,"22":2},"f":{"0":2,"1":1,"2":0,"3":1},"b":{"0":[0,1],"1":[1,0],"2":[0,0],"3":[0,0],"4":[0,1],"5":[1,1]},"_coverageSchema":"1a1c01bbd47fc00a2c39e90264f33305004495a9","hash":"bcbe642f4b063a9200aaf970bf6e9f5a353b9e06"}
,"C:\\Users\\Educação\\mandaca-frontend\\app\\(mybusiness)\\menu\\scanLoading.tsx": {"path":"C:\\Users\\Educação\\mandaca-frontend\\app\\(mybusiness)\\menu\\scanLoading.tsx","statementMap":{"0":{"start":{"line":22,"column":8},"end":{"line":22,"column":30}},"1":{"start":{"line":25,"column":8},"end":{"line":27,"column":9}},"2":{"start":{"line":29,"column":4},"end":{"line":55,"column":11}},"3":{"start":{"line":30,"column":22},"end":{"line":36,"column":9}},"4":{"start":{"line":38,"column":20},"end":{"line":38,"column":21}},"5":{"start":{"line":41,"column":12},"end":{"line":49,"column":20}},"6":{"start":{"line":42,"column":16},"end":{"line":44,"column":33}},"7":{"start":{"line":46,"column":16},"end":{"line":48,"column":18}},"8":{"start":{"line":51,"column":8},"end":{"line":54,"column":14}},"9":{"start":{"line":52,"column":12},"end":{"line":54,"column":13}},"10":{"start":{"line":57,"column":4},"end":{"line":88,"column":11}},"11":{"start":{"line":59,"column":12},"end":{"line":85,"column":13}},"12":{"start":{"line":60,"column":16},"end":{"line":84,"column":17}},"13":{"start":{"line":62,"column":24},"end":{"line":66,"column":25}},"14":{"start":{"line":68,"column":20},"end":{"line":77,"column":23}},"15":{"start":{"line":79,"column":20},"end":{"line":81,"column":22}},"16":{"start":{"line":83,"column":20},"end":{"line":83,"column":34}},"17":{"start":{"line":87,"column":8},"end":{"line":87,"column":22}},"18":{"start":{"line":90,"column":4},"end":{"line":150,"column":6}}},"fnMap":{"0":{"name":"ScanLoadingScreen","decl":{"start":{"line":20,"column":24},"end":{"line":20,"column":41}},"loc":{"start":{"line":20,"column":44},"end":{"line":151,"column":1}},"line":20},"1":{"name":"(anonymous_1)","decl":{"start":{"line":29,"column":14},"end":{"line":29,"column":15}},"loc":{"start":{"line":29,"column":20},"end":{"line":55,"column":5}},"line":29},"2":{"name":"(anonymous_2)","decl":{"start":{"line":41,"column":24},"end":{"line":41,"column":25}},"loc":{"start":{"line":41,"column":30},"end":{"line":49,"column":13}},"line":41},"3":{"name":"(anonymous_3)","decl":{"start":{"line":51,"column":15},"end":{"line":51,"column":16}},"loc":{"start":{"line":52,"column":12},"end":{"line":54,"column":13}},"line":52},"4":{"name":"(anonymous_4)","decl":{"start":{"line":57,"column":14},"end":{"line":57,"column":15}},"loc":{"start":{"line":57,"column":20},"end":{"line":88,"column":5}},"line":57},"5":{"name":"(anonymous_5)","decl":{"start":{"line":59,"column":12},"end":{"line":59,"column":13}},"loc":{"start":{"line":59,"column":24},"end":{"line":85,"column":13}},"line":59}},"branchMap":{},"s":{"0":1,"1":1,"2":1,"3":1,"4":1,"5":1,"6":0,"7":0,"8":1,"9":1,"10":1,"11":1,"12":1,"13":1,"14":1,"15":0,"16":0,"17":1,"18":1},"f":{"0":1,"1":1,"2":0,"3":1,"4":1,"5":1},"b":{},"_coverageSchema":"1a1c01bbd47fc00a2c39e90264f33305004495a9","hash":"0c53ffa1b38e8afd8ea5809d07c37d09afea6198"}
,"C:\\Users\\Educação\\mandaca-frontend\\components\\general\\container.tsx": {"path":"C:\\Users\\Educação\\mandaca-frontend\\components\\general\\container.tsx","statementMap":{"0":{"start":{"line":9,"column":25},"end":{"line":17,"column":1}},"1":{"start":{"line":10,"column":2},"end":{"line":16,"column":4}}},"fnMap":{"0":{"name":"(anonymous_0)","decl":{"start":{"line":9,"column":25},"end":{"line":9,"column":26}},"loc":{"start":{"line":9,"column":50},"end":{"line":17,"column":1}},"line":9}},"branchMap":{},"s":{"0":2,"1":28},"f":{"0":28},"b":{},"_coverageSchema":"1a1c01bbd47fc00a2c39e90264f33305004495a9","hash":"00c6f85318e85f860851f0f4d423054dcddb9380"}
,"C:\\Users\\Educação\\mandaca-frontend\\components\\general\\header.tsx": {"path":"C:\\Users\\Educação\\mandaca-frontend\\components\\general\\header.tsx","statementMap":{"0":{"start":{"line":25,"column":22},"end":{"line":92,"column":1}},"1":{"start":{"line":37,"column":21},"end":{"line":37,"column":68}},"2":{"start":{"line":37,"column":55},"end":{"line":37,"column":68}},"3":{"start":{"line":39,"column":29},"end":{"line":41,"column":45}},"4":{"start":{"line":41,"column":12},"end":{"line":41,"column":45}},"5":{"start":{"line":43,"column":2},"end":{"line":91,"column":4}}},"fnMap":{"0":{"name":"(anonymous_0)","decl":{"start":{"line":25,"column":22},"end":{"line":25,"column":23}},"loc":{"start":{"line":36,"column":13},"end":{"line":92,"column":1}},"line":36},"1":{"name":"(anonymous_1)","decl":{"start":{"line":37,"column":49},"end":{"line":37,"column":50}},"loc":{"start":{"line":37,"column":55},"end":{"line":37,"column":68}},"line":37},"2":{"name":"(anonymous_2)","decl":{"start":{"line":41,"column":6},"end":{"line":41,"column":7}},"loc":{"start":{"line":41,"column":12},"end":{"line":41,"column":45}},"line":41}},"branchMap":{"0":{"loc":{"start":{"line":27,"column":2},"end":{"line":27,"column":24}},"type":"default-arg","locations":[{"start":{"line":27,"column":19},"end":{"line":27,"column":24}}],"line":27},"1":{"loc":{"start":{"line":28,"column":2},"end":{"line":28,"column":31}},"type":"default-arg","locations":[{"start":{"line":28,"column":27},"end":{"line":28,"column":31}}],"line":28},"2":{"loc":{"start":{"line":32,"column":2},"end":{"line":32,"column":30}},"type":"default-arg","locations":[{"start":{"line":32,"column":21},"end":{"line":32,"column":30}}],"line":32},"3":{"loc":{"start":{"line":33,"column":2},"end":{"line":33,"column":32}},"type":"default-arg","locations":[{"start":{"line":33,"column":23},"end":{"line":33,"column":32}}],"line":33},"4":{"loc":{"start":{"line":34,"column":2},"end":{"line":34,"column":29}},"type":"default-arg","locations":[{"start":{"line":34,"column":20},"end":{"line":34,"column":29}}],"line":34},"5":{"loc":{"start":{"line":35,"column":2},"end":{"line":35,"column":21}},"type":"default-arg","locations":[{"start":{"line":35,"column":19},"end":{"line":35,"column":21}}],"line":35},"6":{"loc":{"start":{"line":37,"column":21},"end":{"line":37,"column":68}},"type":"cond-expr","locations":[{"start":{"line":37,"column":35},"end":{"line":37,"column":46}},{"start":{"line":37,"column":49},"end":{"line":37,"column":68}}],"line":37},"7":{"loc":{"start":{"line":39,"column":29},"end":{"line":41,"column":45}},"type":"cond-expr","locations":[{"start":{"line":40,"column":6},"end":{"line":40,"column":25}},{"start":{"line":41,"column":6},"end":{"line":41,"column":45}}],"line":39},"8":{"loc":{"start":{"line":46,"column":9},"end":{"line":59,"column":9}},"type":"cond-expr","locations":[{"start":{"line":47,"column":10},"end":{"line":56,"column":22}},{"start":{"line":58,"column":10},"end":{"line":58,"column":40}}],"line":46},"9":{"loc":{"start":{"line":72,"column":9},"end":{"line":88,"column":9}},"type":"cond-expr","locations":[{"start":{"line":73,"column":10},"end":{"line":85,"column":22}},{"start":{"line":87,"column":10},"end":{"line":87,"column":40}}],"line":72},"10":{"loc":{"start":{"line":81,"column":20},"end":{"line":81,"column":54}},"type":"binary-expr","locations":[{"start":{"line":81,"column":20},"end":{"line":81,"column":35}},{"start":{"line":81,"column":39},"end":{"line":81,"column":54}}],"line":81}},"s":{"0":4,"1":36,"2":0,"3":36,"4":0,"5":36},"f":{"0":36,"1":0,"2":0},"b":{"0":[0],"1":[6],"2":[36],"3":[36],"4":[36],"5":[36],"6":[30,6],"7":[0,36],"8":[36,0],"9":[17,19],"10":[17,17]},"_coverageSchema":"1a1c01bbd47fc00a2c39e90264f33305004495a9","hash":"23f205fbee7e68bd1bf01aa4a78341dea8fe2422"}
,"C:\\Users\\Educação\\mandaca-frontend\\components\\menu\\menuItemCard.tsx": {"path":"C:\\Users\\Educação\\mandaca-frontend\\components\\menu\\menuItemCard.tsx","statementMap":{"0":{"start":{"line":35,"column":4},"end":{"line":177,"column":6}}},"fnMap":{"0":{"name":"MenuItemCard","decl":{"start":{"line":24,"column":24},"end":{"line":24,"column":36}},"loc":{"start":{"line":34,"column":10},"end":{"line":178,"column":1}},"line":34}},"branchMap":{"0":{"loc":{"start":{"line":31,"column":4},"end":{"line":31,"column":19}},"type":"default-arg","locations":[{"start":{"line":31,"column":14},"end":{"line":31,"column":19}}],"line":31},"1":{"loc":{"start":{"line":44,"column":17},"end":{"line":70,"column":17}},"type":"cond-expr","locations":[{"start":{"line":45,"column":20},"end":{"line":51,"column":22}},{"start":{"line":53,"column":20},"end":{"line":69,"column":27}}],"line":44},"2":{"loc":{"start":{"line":77,"column":28},"end":{"line":79,"column":47}},"type":"cond-expr","locations":[{"start":{"line":78,"column":34},"end":{"line":78,"column":50}},{"start":{"line":79,"column":34},"end":{"line":79,"column":47}}],"line":77},"3":{"loc":{"start":{"line":84,"column":25},"end":{"line":84,"column":57}},"type":"cond-expr","locations":[{"start":{"line":84,"column":34},"end":{"line":84,"column":46}},{"start":{"line":84,"column":49},"end":{"line":84,"column":57}}],"line":84},"4":{"loc":{"start":{"line":91,"column":21},"end":{"line":94,"column":31}},"type":"binary-expr","locations":[{"start":{"line":91,"column":21},"end":{"line":91,"column":51}},{"start":{"line":92,"column":24},"end":{"line":94,"column":31}}],"line":91},"5":{"loc":{"start":{"line":96,"column":21},"end":{"line":99,"column":31}},"type":"binary-expr","locations":[{"start":{"line":96,"column":21},"end":{"line":96,"column":51}},{"start":{"line":97,"column":24},"end":{"line":99,"column":31}}],"line":96},"6":{"loc":{"start":{"line":125,"column":25},"end":{"line":144,"column":25}},"type":"cond-expr","locations":[{"start":{"line":126,"column":28},"end":{"line":129,"column":30}},{"start":{"line":131,"column":28},"end":{"line":143,"column":30}}],"line":125},"7":{"loc":{"start":{"line":139,"column":36},"end":{"line":141,"column":51}},"type":"cond-expr","locations":[{"start":{"line":140,"column":42},"end":{"line":140,"column":51}},{"start":{"line":141,"column":42},"end":{"line":141,"column":51}}],"line":139},"8":{"loc":{"start":{"line":147,"column":29},"end":{"line":151,"column":45}},"type":"cond-expr","locations":[{"start":{"line":148,"column":34},"end":{"line":148,"column":48}},{"start":{"line":149,"column":34},"end":{"line":151,"column":45}}],"line":147},"9":{"loc":{"start":{"line":149,"column":34},"end":{"line":151,"column":45}},"type":"cond-expr","locations":[{"start":{"line":150,"column":34},"end":{"line":150,"column":43}},{"start":{"line":151,"column":34},"end":{"line":151,"column":45}}],"line":149}},"s":{"0":13},"f":{"0":13},"b":{"0":[13],"1":[7,6],"2":[7,6],"3":[7,6],"4":[13,0],"5":[13,13],"6":[0,13],"7":[7,6],"8":[0,13],"9":[7,6]},"_coverageSchema":"1a1c01bbd47fc00a2c39e90264f33305004495a9","hash":"0135e4edcb06136b27182aff2edf1105bd12c512"}
,"C:\\Users\\Educação\\mandaca-frontend\\components\\menu\\menuItens.tsx": {"path":"C:\\Users\\Educação\\mandaca-frontend\\components\\menu\\menuItens.tsx","statementMap":{"0":{"start":{"line":14,"column":23},"end":{"line":22,"column":3}},"1":{"start":{"line":15,"column":4},"end":{"line":21,"column":5}},"2":{"start":{"line":16,"column":6},"end":{"line":16,"column":56}},"3":{"start":{"line":18,"column":6},"end":{"line":18,"column":25}},"4":{"start":{"line":20,"column":6},"end":{"line":20,"column":54}},"5":{"start":{"line":24,"column":27},"end":{"line":35,"column":5}},"6":{"start":{"line":27,"column":8},"end":{"line":34,"column":10}},"7":{"start":{"line":37,"column":4},"end":{"line":49,"column":5}},"8":{"start":{"line":38,"column":8},"end":{"line":48,"column":10}},"9":{"start":{"line":51,"column":2},"end":{"line":63,"column":3}},"10":{"start":{"line":52,"column":4},"end":{"line":62,"column":6}},"11":{"start":{"line":65,"column":2},"end":{"line":81,"column":4}},"12":{"start":{"line":68,"column":8},"end":{"line":78,"column":10}},"13":{"start":{"line":76,"column":29},"end":{"line":76,"column":61}},"14":{"start":{"line":77,"column":30},"end":{"line":77,"column":73}}},"fnMap":{"0":{"name":"MenuItems","decl":{"start":{"line":13,"column":24},"end":{"line":13,"column":33}},"loc":{"start":{"line":13,"column":64},"end":{"line":82,"column":1}},"line":13},"1":{"name":"(anonymous_1)","decl":{"start":{"line":14,"column":23},"end":{"line":14,"column":24}},"loc":{"start":{"line":14,"column":73},"end":{"line":22,"column":3}},"line":14},"2":{"name":"(anonymous_2)","decl":{"start":{"line":24,"column":27},"end":{"line":24,"column":28}},"loc":{"start":{"line":26,"column":9},"end":{"line":35,"column":5}},"line":26},"3":{"name":"(anonymous_3)","decl":{"start":{"line":67,"column":17},"end":{"line":67,"column":18}},"loc":{"start":{"line":68,"column":8},"end":{"line":78,"column":10}},"line":68},"4":{"name":"(anonymous_4)","decl":{"start":{"line":76,"column":23},"end":{"line":76,"column":24}},"loc":{"start":{"line":76,"column":29},"end":{"line":76,"column":61}},"line":76},"5":{"name":"(anonymous_5)","decl":{"start":{"line":77,"column":24},"end":{"line":77,"column":25}},"loc":{"start":{"line":77,"column":30},"end":{"line":77,"column":73}},"line":77}},"branchMap":{"0":{"loc":{"start":{"line":37,"column":4},"end":{"line":49,"column":5}},"type":"if","locations":[{"start":{"line":37,"column":4},"end":{"line":49,"column":5}},{"start":{},"end":{}}],"line":37},"1":{"loc":{"start":{"line":51,"column":2},"end":{"line":63,"column":3}},"type":"if","locations":[{"start":{"line":51,"column":2},"end":{"line":63,"column":3}},{"start":{},"end":{}}],"line":51}},"s":{"0":8,"1":1,"2":1,"3":1,"4":0,"5":8,"6":1,"7":8,"8":1,"9":7,"10":0,"11":7,"12":13,"13":1,"14":1},"f":{"0":8,"1":1,"2":1,"3":13,"4":1,"5":1},"b":{"0":[1,7],"1":[0,7]},"_coverageSchema":"1a1c01bbd47fc00a2c39e90264f33305004495a9","hash":"0e309735479777bfe26d305684a61c81a537aa17"}
,"C:\\Users\\Educação\\mandaca-frontend\\constants\\api.ts": {"path":"C:\\Users\\Educação\\mandaca-frontend\\constants\\api.ts","statementMap":{"0":{"start":{"line":2,"column":2},"end":{"line":3,"column":51}}},"fnMap":{},"branchMap":{"0":{"loc":{"start":{"line":2,"column":2},"end":{"line":3,"column":51}},"type":"binary-expr","locations":[{"start":{"line":2,"column":2},"end":{"line":2,"column":33}},{"start":{"line":3,"column":2},"end":{"line":3,"column":51}}],"line":2}},"s":{"0":6},"f":{},"b":{"0":[6,6]},"_coverageSchema":"1a1c01bbd47fc00a2c39e90264f33305004495a9","hash":"32bbc447d05c0e5c00752d5ac8867ee9d9df7422"}
,"C:\\Users\\Educação\\mandaca-frontend\\services\\contactService.ts": {"path":"C:\\Users\\Educação\\mandaca-frontend\\services\\contactService.ts","statementMap":{"0":{"start":{"line":5,"column":27},"end":{"line":13,"column":1}},"1":{"start":{"line":6,"column":2},"end":{"line":12,"column":3}},"2":{"start":{"line":7,"column":21},"end":{"line":7,"column":79}},"3":{"start":{"line":8,"column":4},"end":{"line":8,"column":25}},"4":{"start":{"line":10,"column":4},"end":{"line":10,"column":53}},"5":{"start":{"line":11,"column":4},"end":{"line":11,"column":14}}},"fnMap":{"0":{"name":"(anonymous_0)","decl":{"start":{"line":5,"column":27},"end":{"line":5,"column":28}},"loc":{"start":{"line":5,"column":67},"end":{"line":13,"column":1}},"line":5}},"branchMap":{},"s":{"0":2,"1":2,"2":2,"3":1,"4":1,"5":1},"f":{"0":2},"b":{},"_coverageSchema":"1a1c01bbd47fc00a2c39e90264f33305004495a9","hash":"2714e569782fe1fe534733cc25160098fefca77c"}
,"C:\\Users\\Educação\\mandaca-frontend\\services\\menu.ts": {"path":"C:\\Users\\Educação\\mandaca-frontend\\services\\menu.ts","statementMap":{"0":{"start":{"line":27,"column":35},"end":{"line":35,"column":1}},"1":{"start":{"line":30,"column":19},"end":{"line":32,"column":3}},"2":{"start":{"line":34,"column":2},"end":{"line":34,"column":23}},"3":{"start":{"line":37,"column":36},"end":{"line":58,"column":1}},"4":{"start":{"line":41,"column":20},"end":{"line":41,"column":34}},"5":{"start":{"line":43,"column":19},"end":{"line":43,"column":33}},"6":{"start":{"line":45,"column":2},"end":{"line":45,"column":30}},"7":{"start":{"line":47,"column":19},"end":{"line":55,"column":3}},"8":{"start":{"line":57,"column":4},"end":{"line":57,"column":25}},"9":{"start":{"line":61,"column":4},"end":{"line":70,"column":5}},"10":{"start":{"line":65,"column":12},"end":{"line":67,"column":13}},"11":{"start":{"line":69,"column":8},"end":{"line":69,"column":29}},"12":{"start":{"line":72,"column":30},"end":{"line":111,"column":1}},"13":{"start":{"line":75,"column":21},"end":{"line":75,"column":35}},"14":{"start":{"line":77,"column":4},"end":{"line":85,"column":5}},"15":{"start":{"line":78,"column":8},"end":{"line":82,"column":18}},"16":{"start":{"line":84,"column":8},"end":{"line":84,"column":36}},"17":{"start":{"line":87,"column":21},"end":{"line":108,"column":5}},"18":{"start":{"line":110,"column":4},"end":{"line":110,"column":25}},"19":{"start":{"line":113,"column":30},"end":{"line":153,"column":1}},"20":{"start":{"line":117,"column":21},"end":{"line":117,"column":35}},"21":{"start":{"line":119,"column":4},"end":{"line":127,"column":5}},"22":{"start":{"line":120,"column":8},"end":{"line":124,"column":18}},"23":{"start":{"line":126,"column":8},"end":{"line":126,"column":36}},"24":{"start":{"line":129,"column":21},"end":{"line":150,"column":5}},"25":{"start":{"line":152,"column":4},"end":{"line":152,"column":25}},"26":{"start":{"line":155,"column":30},"end":{"line":163,"column":1}},"27":{"start":{"line":158,"column":21},"end":{"line":160,"column":5}},"28":{"start":{"line":162,"column":4},"end":{"line":162,"column":25}},"29":{"start":{"line":165,"column":29},"end":{"line":192,"column":1}},"30":{"start":{"line":168,"column":21},"end":{"line":168,"column":35}},"31":{"start":{"line":170,"column":4},"end":{"line":177,"column":6}},"32":{"start":{"line":180,"column":8},"end":{"line":189,"column":9}},"33":{"start":{"line":191,"column":4},"end":{"line":191,"column":25}},"34":{"start":{"line":195,"column":4},"end":{"line":217,"column":5}},"35":{"start":{"line":200,"column":12},"end":{"line":214,"column":13}},"36":{"start":{"line":206,"column":30},"end":{"line":211,"column":25}},"37":{"start":{"line":216,"column":8},"end":{"line":216,"column":29}}},"fnMap":{"0":{"name":"(anonymous_0)","decl":{"start":{"line":27,"column":35},"end":{"line":27,"column":36}},"loc":{"start":{"line":29,"column":26},"end":{"line":35,"column":1}},"line":29},"1":{"name":"(anonymous_1)","decl":{"start":{"line":37,"column":36},"end":{"line":37,"column":37}},"loc":{"start":{"line":40,"column":5},"end":{"line":58,"column":1}},"line":40},"2":{"name":"(anonymous_2)","decl":{"start":{"line":61,"column":4},"end":{"line":61,"column":5}},"loc":{"start":{"line":63,"column":9},"end":{"line":70,"column":5}},"line":63},"3":{"name":"(anonymous_3)","decl":{"start":{"line":72,"column":30},"end":{"line":72,"column":31}},"loc":{"start":{"line":74,"column":5},"end":{"line":111,"column":1}},"line":74},"4":{"name":"(anonymous_4)","decl":{"start":{"line":113,"column":30},"end":{"line":113,"column":31}},"loc":{"start":{"line":116,"column":5},"end":{"line":153,"column":1}},"line":116},"5":{"name":"(anonymous_5)","decl":{"start":{"line":155,"column":30},"end":{"line":155,"column":31}},"loc":{"start":{"line":157,"column":5},"end":{"line":163,"column":1}},"line":157},"6":{"name":"(anonymous_6)","decl":{"start":{"line":165,"column":29},"end":{"line":165,"column":30}},"loc":{"start":{"line":167,"column":5},"end":{"line":192,"column":1}},"line":167},"7":{"name":"(anonymous_7)","decl":{"start":{"line":195,"column":4},"end":{"line":195,"column":5}},"loc":{"start":{"line":198,"column":9},"end":{"line":217,"column":5}},"line":198},"8":{"name":"(anonymous_8)","decl":{"start":{"line":204,"column":24},"end":{"line":204,"column":25}},"loc":{"start":{"line":206,"column":30},"end":{"line":211,"column":25}},"line":206}},"branchMap":{"0":{"loc":{"start":{"line":77,"column":4},"end":{"line":85,"column":5}},"type":"if","locations":[{"start":{"line":77,"column":4},"end":{"line":85,"column":5}},{"start":{"line":83,"column":11},"end":{"line":85,"column":5}}],"line":77},"1":{"loc":{"start":{"line":119,"column":4},"end":{"line":127,"column":5}},"type":"if","locations":[{"start":{"line":119,"column":4},"end":{"line":127,"column":5}},{"start":{"line":125,"column":11},"end":{"line":127,"column":5}}],"line":119}},"s":{"0":3,"1":1,"2":1,"3":3,"4":1,"5":1,"6":1,"7":1,"8":1,"9":3,"10":1,"11":1,"12":3,"13":2,"14":2,"15":1,"16":1,"17":2,"18":2,"19":3,"20":2,"21":2,"22":1,"23":1,"24":2,"25":2,"26":3,"27":1,"28":1,"29":3,"30":1,"31":1,"32":1,"33":1,"34":3,"35":1,"36":1,"37":1},"f":{"0":1,"1":1,"2":1,"3":2,"4":2,"5":1,"6":1,"7":1,"8":1},"b":{"0":[1,1],"1":[1,1]},"_coverageSchema":"1a1c01bbd47fc00a2c39e90264f33305004495a9","hash":"21188a64ca5fd7bc8add4cea8290b3ec9dae9ca0"}
,"C:\\Users\\Educação\\mandaca-frontend\\services\\tutorialService.ts": {"path":"C:\\Users\\Educação\\mandaca-frontend\\services\\tutorialService.ts","statementMap":{"0":{"start":{"line":5,"column":28},"end":{"line":15,"column":1}},"1":{"start":{"line":6,"column":2},"end":{"line":14,"column":3}},"2":{"start":{"line":7,"column":21},"end":{"line":9,"column":6}},"3":{"start":{"line":10,"column":4},"end":{"line":10,"column":25}},"4":{"start":{"line":12,"column":4},"end":{"line":12,"column":54}},"5":{"start":{"line":13,"column":4},"end":{"line":13,"column":14}}},"fnMap":{"0":{"name":"(anonymous_0)","decl":{"start":{"line":5,"column":28},"end":{"line":5,"column":29}},"loc":{"start":{"line":5,"column":90},"end":{"line":15,"column":1}},"line":5}},"branchMap":{"0":{"loc":{"start":{"line":8,"column":14},"end":{"line":8,"column":44}},"type":"cond-expr","locations":[{"start":{"line":8,"column":26},"end":{"line":8,"column":39}},{"start":{"line":8,"column":42},"end":{"line":8,"column":44}}],"line":8}},"s":{"0":2,"1":3,"2":3,"3":2,"4":1,"5":1},"f":{"0":3},"b":{"0":[1,2]},"_coverageSchema":"1a1c01bbd47fc00a2c39e90264f33305004495a9","hash":"15e81eb173a0f604c89904e5af0414d4e26847b7"}
}
