TN:
SF:app\(help)\help.tsx
FN:19,(anonymous_0)
FN:24,(anonymous_1)
FN:25,(anonymous_2)
FN:32,(anonymous_3)
FN:45,(anonymous_4)
FN:49,(anonymous_5)
FN:70,(anonymous_6)
FN:114,(anonymous_7)
FN:134,(anonymous_8)
FN:139,(anonymous_9)
FN:141,(anonymous_10)
FN:154,(anonymous_11)
FN:168,(anonymous_12)
FN:181,(anonymous_13)
FN:195,(anonymous_14)
FNF:15
FNH:10
FNDA:15,(anonymous_0)
FNDA:4,(anonymous_1)
FNDA:4,(anonymous_2)
FNDA:3,(anonymous_3)
FNDA:1,(anonymous_4)
FNDA:1,(anonymous_5)
FNDA:0,(anonymous_6)
FNDA:4,(anonymous_7)
FNDA:0,(anonymous_8)
FNDA:0,(anonymous_9)
FNDA:0,(anonymous_10)
FNDA:1,(anonymous_11)
FNDA:1,(anonymous_12)
FNDA:1,(anonymous_13)
FNDA:0,(anonymous_14)
DA:19,1
DA:20,15
DA:21,15
DA:22,15
DA:24,15
DA:25,4
DA:26,4
DA:27,4
DA:29,4
DA:32,15
DA:33,3
DA:34,3
DA:35,3
DA:36,3
DA:38,0
DA:41,0
DA:45,15
DA:46,1
DA:49,15
DA:50,1
DA:53,15
DA:54,15
DA:55,15
DA:56,15
DA:58,15
DA:70,0
DA:114,4
DA:134,0
DA:139,0
DA:141,0
DA:155,1
DA:156,1
DA:169,1
DA:170,1
DA:182,1
DA:183,1
DA:184,1
DA:195,0
DA:206,1
LF:39
LH:32
BRDA:35,0,0,3
BRDA:35,0,1,0
BRDA:53,1,0,15
BRDA:53,1,1,6
BRDA:56,2,0,15
BRDA:56,2,1,6
BRDA:150,3,0,9
BRDA:150,3,1,6
BRDA:164,4,0,9
BRDA:164,4,1,6
BRF:10
BRH:9
end_of_record
TN:
SF:app\(help)\tutorials.tsx
FN:33,(anonymous_0)
FN:39,(anonymous_1)
FN:45,(anonymous_2)
FN:46,(anonymous_3)
FN:54,(anonymous_4)
FN:58,(anonymous_5)
FN:72,(anonymous_6)
FN:86,(anonymous_7)
FN:108,(anonymous_8)
FN:119,(anonymous_9)
FN:125,(anonymous_10)
FN:172,(anonymous_11)
FN:178,(anonymous_12)
FNF:13
FNH:10
FNDA:4,(anonymous_0)
FNDA:2,(anonymous_1)
FNDA:0,(anonymous_2)
FNDA:2,(anonymous_3)
FNDA:2,(anonymous_4)
FNDA:1,(anonymous_5)
FNDA:2,(anonymous_6)
FNDA:2,(anonymous_7)
FNDA:0,(anonymous_8)
FNDA:20,(anonymous_9)
FNDA:0,(anonymous_10)
FNDA:2,(anonymous_11)
FNDA:1,(anonymous_12)
DA:25,1
DA:33,1
DA:34,4
DA:35,4
DA:36,4
DA:37,4
DA:39,4
DA:40,2
DA:41,2
DA:42,2
DA:43,2
DA:45,2
DA:46,2
DA:48,0
DA:50,2
DA:54,4
DA:55,2
DA:58,4
DA:59,1
DA:60,1
DA:61,1
DA:62,1
DA:65,0
DA:68,0
DA:72,4
DA:73,2
DA:75,0
DA:77,0
DA:79,0
DA:82,2
DA:86,4
DA:87,2
DA:89,0
DA:91,0
DA:93,0
DA:96,2
DA:100,4
DA:108,0
DA:120,20
DA:121,20
DA:125,0
DA:173,2
DA:174,2
DA:178,1
DA:225,1
LF:45
LH:34
BRDA:42,0,0,2
BRDA:42,0,1,0
BRDA:45,1,0,0
BRDA:45,1,1,0
BRDA:45,2,0,0
BRDA:45,2,1,0
BRDA:61,3,0,1
BRDA:61,3,1,0
BRDA:73,4,0,0
BRDA:73,4,1,0
BRDA:73,4,2,0
BRDA:73,4,3,2
BRDA:73,4,4,2
BRDA:87,5,0,0
BRDA:87,5,1,0
BRDA:87,5,2,0
BRDA:87,5,3,2
BRDA:87,5,4,2
BRDA:128,6,0,20
BRDA:128,6,1,4
BRDA:134,7,0,4
BRDA:134,7,1,16
BRDA:140,8,0,20
BRDA:140,8,1,4
BRDA:152,9,0,2
BRDA:152,9,1,2
BRDA:157,10,0,0
BRDA:157,10,1,2
BRDA:204,11,0,2
BRDA:204,11,1,0
BRF:30
BRH:16
end_of_record
TN:
SF:app\(mybusiness)\menu\categoryFilter.tsx
FN:56,MenuCategoryFilter
FN:73,(anonymous_1)
FN:83,(anonymous_2)
FNF:3
FNH:3
FNDA:8,MenuCategoryFilter
FNDA:48,(anonymous_1)
FNDA:2,(anonymous_2)
DA:23,1
DA:60,8
DA:75,48
DA:78,48
DA:84,2
LF:5
LH:5
BRDA:92,0,0,8
BRDA:92,0,1,40
BRDA:104,1,0,8
BRDA:104,1,1,40
BRDA:114,2,0,8
BRDA:114,2,1,40
BRF:6
BRH:6
end_of_record
TN:
SF:app\(mybusiness)\menu\menu.tsx
FN:38,MenuList
FN:55,(anonymous_1)
FN:73,(anonymous_2)
FN:78,(anonymous_3)
FN:87,(anonymous_4)
FN:119,(anonymous_5)
FN:165,(anonymous_6)
FN:193,(anonymous_7)
FN:228,(anonymous_8)
FNF:9
FNH:8
FNDA:22,MenuList
FNDA:11,(anonymous_1)
FNDA:10,(anonymous_2)
FNDA:21,(anonymous_3)
FNDA:4,(anonymous_4)
FNDA:0,(anonymous_5)
FNDA:1,(anonymous_6)
FNDA:1,(anonymous_7)
FNDA:1,(anonymous_8)
DA:40,22
DA:45,22
DA:50,22
DA:53,22
DA:55,22
DA:56,11
DA:58,11
DA:62,10
DA:64,0
DA:69,10
DA:73,22
DA:74,10
DA:78,22
DA:79,21
DA:83,19
DA:86,2
DA:88,4
DA:96,22
DA:97,10
DA:113,12
DA:120,0
DA:166,1
DA:194,1
DA:229,1
LF:24
LH:22
BRDA:79,0,0,19
BRDA:79,0,1,2
BRDA:96,1,0,10
BRDA:96,1,1,12
BRDA:126,2,0,3
BRDA:126,2,1,9
BRF:6
BRH:6
end_of_record
TN:
SF:app\(mybusiness)\menu\reviewScan.tsx
FN:33,ReviewScanScreen
FN:42,(anonymous_1)
FN:57,(anonymous_2)
FN:58,(anonymous_3)
FN:60,(anonymous_4)
FN:68,(anonymous_5)
FN:97,(anonymous_6)
FN:130,(anonymous_7)
FN:178,(anonymous_8)
FN:232,(anonymous_9)
FN:263,(anonymous_10)
FNF:11
FNH:9
FNDA:4,ReviewScanScreen
FNDA:1,(anonymous_1)
FNDA:1,(anonymous_2)
FNDA:1,(anonymous_3)
FNDA:2,(anonymous_4)
FNDA:0,(anonymous_5)
FNDA:1,(anonymous_6)
FNDA:2,(anonymous_7)
FNDA:5,(anonymous_8)
FNDA:0,(anonymous_9)
FNDA:1,(anonymous_10)
DA:35,4
DA:38,4
DA:41,4
DA:43,1
DA:44,1
DA:48,0
DA:54,4
DA:57,4
DA:58,1
DA:59,1
DA:61,2
DA:68,4
DA:72,0
DA:97,4
DA:98,1
DA:99,1
DA:101,1
DA:106,1
DA:111,1
DA:115,0
DA:119,0
DA:124,1
DA:129,4
DA:131,2
DA:135,4
DA:182,5
DA:233,0
DA:264,1
LF:28
LH:23
BRDA:222,0,0,4
BRDA:222,0,1,1
BRDA:298,1,0,4
BRDA:298,1,1,3
BRDA:315,2,0,1
BRDA:315,2,1,3
BRF:6
BRH:6
end_of_record
TN:
SF:app\(mybusiness)\menu\scan.tsx
FN:20,ScanMenuScreen
FN:27,(anonymous_1)
FN:63,(anonymous_2)
FN:96,(anonymous_3)
FNF:4
FNH:3
FNDA:2,ScanMenuScreen
FNDA:1,(anonymous_1)
FNDA:0,(anonymous_2)
FNDA:1,(anonymous_3)
DA:22,2
DA:27,2
DA:29,1
DA:31,1
DA:34,0
DA:39,0
DA:43,1
DA:52,1
DA:55,1
DA:63,2
DA:65,0
DA:67,0
DA:70,0
DA:75,0
DA:79,0
DA:85,0
DA:88,0
DA:96,2
DA:97,1
DA:98,0
DA:103,0
DA:106,1
DA:115,2
LF:23
LH:12
BRDA:31,0,0,0
BRDA:31,0,1,1
BRDA:52,1,0,1
BRDA:52,1,1,0
BRDA:67,2,0,0
BRDA:67,2,1,0
BRDA:85,3,0,0
BRDA:85,3,1,0
BRDA:97,4,0,0
BRDA:97,4,1,1
BRDA:186,5,0,1
BRDA:186,5,1,1
BRF:12
BRH:5
end_of_record
TN:
SF:app\(mybusiness)\menu\scanLoading.tsx
FN:20,ScanLoadingScreen
FN:29,(anonymous_1)
FN:41,(anonymous_2)
FN:51,(anonymous_3)
FN:57,(anonymous_4)
FN:59,(anonymous_5)
FNF:6
FNH:5
FNDA:1,ScanLoadingScreen
FNDA:1,(anonymous_1)
FNDA:0,(anonymous_2)
FNDA:1,(anonymous_3)
FNDA:1,(anonymous_4)
FNDA:1,(anonymous_5)
DA:22,1
DA:25,1
DA:29,1
DA:30,1
DA:38,1
DA:41,1
DA:42,0
DA:46,0
DA:51,1
DA:52,1
DA:57,1
DA:59,1
DA:60,1
DA:62,1
DA:68,1
DA:79,0
DA:83,0
DA:87,1
DA:90,1
LF:19
LH:15
BRF:0
BRH:0
end_of_record
TN:
SF:components\general\container.tsx
FN:9,(anonymous_0)
FNF:1
FNH:1
FNDA:28,(anonymous_0)
DA:9,2
DA:10,28
LF:2
LH:2
BRF:0
BRH:0
end_of_record
TN:
SF:components\general\header.tsx
FN:25,(anonymous_0)
FN:37,(anonymous_1)
FN:41,(anonymous_2)
FNF:3
FNH:1
FNDA:36,(anonymous_0)
FNDA:0,(anonymous_1)
FNDA:0,(anonymous_2)
DA:25,4
DA:37,36
DA:39,36
DA:41,0
DA:43,36
LF:5
LH:4
BRDA:27,0,0,0
BRDA:28,1,0,6
BRDA:32,2,0,36
BRDA:33,3,0,36
BRDA:34,4,0,36
BRDA:35,5,0,36
BRDA:37,6,0,30
BRDA:37,6,1,6
BRDA:39,7,0,0
BRDA:39,7,1,36
BRDA:46,8,0,36
BRDA:46,8,1,0
BRDA:72,9,0,17
BRDA:72,9,1,19
BRDA:81,10,0,17
BRDA:81,10,1,17
BRF:16
BRH:13
end_of_record
TN:
SF:components\menu\menuItemCard.tsx
FN:24,MenuItemCard
FNF:1
FNH:1
FNDA:13,MenuItemCard
DA:35,13
LF:1
LH:1
BRDA:31,0,0,13
BRDA:44,1,0,7
BRDA:44,1,1,6
BRDA:77,2,0,7
BRDA:77,2,1,6
BRDA:84,3,0,7
BRDA:84,3,1,6
BRDA:91,4,0,13
BRDA:91,4,1,0
BRDA:96,5,0,13
BRDA:96,5,1,13
BRDA:125,6,0,0
BRDA:125,6,1,13
BRDA:139,7,0,7
BRDA:139,7,1,6
BRDA:147,8,0,0
BRDA:147,8,1,13
BRDA:149,9,0,7
BRDA:149,9,1,6
BRF:19
BRH:16
end_of_record
TN:
SF:components\menu\menuItens.tsx
FN:13,MenuItems
FN:14,(anonymous_1)
FN:24,(anonymous_2)
FN:67,(anonymous_3)
FN:76,(anonymous_4)
FN:77,(anonymous_5)
FNF:6
FNH:6
FNDA:8,MenuItems
FNDA:1,(anonymous_1)
FNDA:1,(anonymous_2)
FNDA:13,(anonymous_3)
FNDA:1,(anonymous_4)
FNDA:1,(anonymous_5)
DA:14,8
DA:15,1
DA:16,1
DA:18,1
DA:20,0
DA:24,8
DA:27,1
DA:37,8
DA:38,1
DA:51,7
DA:52,0
DA:65,7
DA:68,13
DA:76,1
DA:77,1
LF:15
LH:13
BRDA:37,0,0,1
BRDA:37,0,1,7
BRDA:51,1,0,0
BRDA:51,1,1,7
BRF:4
BRH:3
end_of_record
TN:
SF:constants\api.ts
FNF:0
FNH:0
DA:2,6
LF:1
LH:1
BRDA:2,0,0,6
BRDA:2,0,1,6
BRF:2
BRH:2
end_of_record
TN:
SF:services\contactService.ts
FN:5,(anonymous_0)
FNF:1
FNH:1
FNDA:2,(anonymous_0)
DA:5,2
DA:6,2
DA:7,2
DA:8,1
DA:10,1
DA:11,1
LF:6
LH:6
BRF:0
BRH:0
end_of_record
TN:
SF:services\menu.ts
FN:27,(anonymous_0)
FN:37,(anonymous_1)
FN:61,(anonymous_2)
FN:72,(anonymous_3)
FN:113,(anonymous_4)
FN:155,(anonymous_5)
FN:165,(anonymous_6)
FN:195,(anonymous_7)
FN:204,(anonymous_8)
FNF:9
FNH:9
FNDA:1,(anonymous_0)
FNDA:1,(anonymous_1)
FNDA:1,(anonymous_2)
FNDA:2,(anonymous_3)
FNDA:2,(anonymous_4)
FNDA:1,(anonymous_5)
FNDA:1,(anonymous_6)
FNDA:1,(anonymous_7)
FNDA:1,(anonymous_8)
DA:27,3
DA:30,1
DA:34,1
DA:37,3
DA:41,1
DA:43,1
DA:45,1
DA:47,1
DA:57,1
DA:61,3
DA:65,1
DA:69,1
DA:72,3
DA:75,2
DA:77,2
DA:78,1
DA:84,1
DA:87,2
DA:110,2
DA:113,3
DA:117,2
DA:119,2
DA:120,1
DA:126,1
DA:129,2
DA:152,2
DA:155,3
DA:158,1
DA:162,1
DA:165,3
DA:168,1
DA:170,1
DA:180,1
DA:191,1
DA:195,3
DA:200,1
DA:206,1
DA:216,1
LF:38
LH:38
BRDA:77,0,0,1
BRDA:77,0,1,1
BRDA:119,1,0,1
BRDA:119,1,1,1
BRF:4
BRH:4
end_of_record
TN:
SF:services\tutorialService.ts
FN:5,(anonymous_0)
FNF:1
FNH:1
FNDA:3,(anonymous_0)
DA:5,2
DA:6,3
DA:7,3
DA:10,2
DA:12,1
DA:13,1
LF:6
LH:6
BRDA:8,0,0,1
BRDA:8,0,1,2
BRF:2
BRH:2
end_of_record
